 BELLHOP- Munk profile                                                           
 frequency =   50.00    

 Dummy parameter NMedia =  1

     C-LINEAR approximation to SSP
     Attenuation units: dB/mkHz
     VACUUM

 Depth =  5000.

 C-Linear SSP option

 Sound speed profile:
 0. 1548.52
 200. 1530.29
 250. 1526.69
 400. 1517.78
 600. 1509.49
 800. 1504.3
 1000. 1501.38
 1200. 1500.14
 1400. 1500.12
 1600. 1501.02
 1800. 1502.57
 2000. 1504.62
 2200. 1507.02
 2600. 1512.55
 2800. 1515.56
 3000. 1518.67
 3200. 1521.85
 3400. 1525.1
 3600. 1528.38
 3800. 1531.7
 4000. 1535.04
 4200. 1538.39
 4400. 1541.76
 4600. 1545.14
 4800. 1548.52
 5000. 1551.91

                                 ( RMS roughness =   .000     )
     ACOUSTO-ELASTIC half-space
   5000.00      1600.00      0.00     1.00       0.0000    0.0000

 Number of sources   =  1
   1000.00    

 Number of receivers =  51
   .000000       100.000       200.000       300.000       400.000    
   500.000       600.000       700.000       800.000       900.000    
   1000.00       1100.00       1200.00       1300.00       1400.00    
   1500.00       1600.00       1700.00       1800.00       1900.00    
   2000.00       2100.00       2200.00       2300.00       2400.00    
   2500.00       2600.00       2700.00       2800.00       2900.00    
   3000.00       3100.00       3200.00       3300.00       3400.00    
   3500.00       3600.00       3700.00       3800.00       3900.00    
   4000.00       4100.00       4200.00       4300.00       4400.00    
   4500.00       4600.00       4700.00       4800.00       4900.00    
   5000.00    

 Number of ranges   =  1001
   .000000       .100000       .200000       .300000       .400000    
   .500000       .600000       .700000       .800000       .900000    
   1.00000       1.10000       1.20000       1.30000       1.40000    
   1.50000       1.60000       1.70000       1.80000       1.90000    
   2.00000       2.10000       2.20000       2.30000       2.40000    
   2.50000       2.60000       2.70000       2.80000       2.90000    
   3.00000       3.10000       3.20000       3.30000       3.40000    
   3.50000       3.60000       3.70000       3.80000       3.90000    
   4.00000       4.10000       4.20000       4.30000       4.40000    
   4.50000       4.60000       4.70000       4.80000       4.90000    
   5.00000    
  ...  100.

 Coherent TL calculation
 Geometric beams
 Point source (cylindrical coordinates)

 Number of beams   =  10
  -14.0000      -10.8889      -7.77778      -4.66667      -1.55556    
   1.55556       4.66667       7.77778       10.8889       14.0000    

 Step length,     deltas =  250.

 Maximum ray Depth, zBox =  5500.
 Maximum ray range, rBox =  101.
 No beam shift in effect


 *** WARNING ***
 Generated by program or subroutine: BELLHOP
 Too few beams

 NBeams should be at least =  71
 Tracing beam  1 -14.
 Minimum width beams                     
 HWIDTH  =  97.76544
 EpsOpt  =  (0.,1501380.)
 EpsMult =  1.
 Tracing beam  2 -10.888888
 Tracing beam  3 -7.7777777
 Tracing beam  4 -4.6666665
 Tracing beam  5 -1.5555552
 Tracing beam  6 1.5555558
 Tracing beam  7 4.666667
 Tracing beam  8 7.7777777
 Tracing beam  9 10.888888
 Tracing beam  10 14.

 CPU Time =       0.312E-01
