 BELLHOP- Munk profile                                                           
 frequency =   50.00    

 Dummy parameter NMedia =  1

     C-LINEAR approximation to SSP
     Attenuation units: dB/mkHz
     VACUUM

 Depth =  4000.

 C-Linear SSP option

 Sound speed profile:
 0. 1541.0043
 5. 1540.8013
 10. 1541.0668
 20. 1541.1199
 30. 1542.0496
 40. 1542.1188
 50. 1542.3453
 60. 1541.8771
 70. 1541.4797
 80. 1541.0677
 90. 1540.513
 100. 1538.0565
 110. 1534.4053
 120. 1528.6636
 130. 1526.2813
 140. 1521.9241
 150. 1518.4371
 160. 1517.2415
 170. 1515.8331
 180. 1514.5927
 200. 1510.2292
 220. 1505.9498
 240. 1503.1
 260. 1499.5677
 280. 1495.3806
 300. 1493.0636
 320. 1490.7502
 340. 1488.4705
 360. 1485.3561
 380. 1482.3433
 400. 1479.9846
 420. 1476.6501
 440. 1472.7572
 460. 1469.6445
 500. 1465.4252
 550. 1460.3152
 600. 1456.7104
 650. 1454.8353
 700. 1453.1737
 750. 1452.9889
 800. 1451.7212
 850. 1450.6952
 900. 1449.5337
 950. 1448.6135
 1000. 1447.4314
 1050. 1446.3436
 1100. 1445.8575
 1150. 1445.575
 1200. 1445.2064
 1250. 1445.2424
 1300. 1445.3059
 1400. 1445.1042
 1500. 1444.8087
 1600. 1444.6141
 1700. 1444.4592
 1800. 1444.3896
 1900. 1444.4873
 1975. 1444.5453
 2000. 1444.4873
 2025. 1444.3896
 2100. 1444.4592
 2200. 1444.6141
 2300. 1444.8087
 2400. 1445.1042
 2500. 1445.3059
 2600. 1445.2424
 2700. 1445.2064
 2800. 1445.575
 2900. 1445.8575
 3000. 1446.3436
 3050. 1447.4314
 3100. 1448.6135
 3150. 1449.5337
 3200. 1450.6952
 3250. 1451.7212
 3300. 1452.9889
 3350. 1453.1737
 3400. 1454.8353
 3450. 1456.7104
 3500. 1460.3152
 3520. 1465.4252
 3540. 1469.6445
 3560. 1472.7572
 3580. 1476.6501
 3600. 1479.9846
 3620. 1482.3433
 3640. 1485.3561
 3660. 1488.4705
 3680. 1490.7502
 3700. 1493.0636
 3720. 1495.3806
 3740. 1499.5677
 3760. 1503.1
 3780. 1505.9498
 3800. 1510.2292
 3820. 1514.5927
 3830. 1515.8331
 3840. 1517.2415
 3850. 1518.4371
 3860. 1521.9241
 3870. 1526.2813
 3880. 1528.6636
 3890. 1534.4053
 3900. 1538.0565
 3910. 1540.513
 3920. 1541.0677
 3930. 1541.4797
 3940. 1541.8771
 3950. 1542.3453
 3960. 1542.1188
 3970. 1542.0496
 3980. 1541.1199
 3990. 1541.0668
 3995. 1540.8013
 4000. 1541.0043

                                 ( RMS roughness =   .000     )
     ACOUSTO-ELASTIC half-space
   4000.00      1600.00      0.00     1.00       0.0000    0.0000

 Number of sources   =  1
   2000.00    

 Number of receivers =  51
   .000000       80.0000       160.000       240.000       320.000    
   400.000       480.000       560.000       640.000       720.000    
   800.000       880.000       960.000       1040.00       1120.00    
   1200.00       1280.00       1360.00       1440.00       1520.00    
   1600.00       1680.00       1760.00       1840.00       1920.00    
   2000.00       2080.00       2160.00       2240.00       2320.00    
   2400.00       2480.00       2560.00       2640.00       2720.00    
   2800.00       2880.00       2960.00       3040.00       3120.00    
   3200.00       3280.00       3360.00       3440.00       3520.00    
   3600.00       3680.00       3760.00       3840.00       3920.00    
   4000.00    

 Number of ranges   =  1001
   .000000       .100000       .200000       .300000       .400000    
   .500000       .600000       .700000       .800000       .900000    
   1.00000       1.10000       1.20000       1.30000       1.40000    
   1.50000       1.60000       1.70000       1.80000       1.90000    
   2.00000       2.10000       2.20000       2.30000       2.40000    
   2.50000       2.60000       2.70000       2.80000       2.90000    
   3.00000       3.10000       3.20000       3.30000       3.40000    
   3.50000       3.60000       3.70000       3.80000       3.90000    
   4.00000       4.10000       4.20000       4.30000       4.40000    
   4.50000       4.60000       4.70000       4.80000       4.90000    
   5.00000    
  ...  100.

 Coherent TL calculation
 Geometric beams
 Point source (cylindrical coordinates)

 Number of beams   =  30
  -15.0000      -13.9655      -12.9310      -11.8966      -10.8621    
  -9.82759      -8.79310      -7.75862      -6.72414      -5.68966    
  -4.65517      -3.62069      -2.58621      -1.55172      -.517242    
   .517241       1.55172       2.58621       3.62069       4.65517    
   5.68965       6.72414       7.75862       8.79310       9.82759    
   10.8621       11.8966       12.9310       13.9655       15.0000    

 Step length,     deltas =  200.

 Maximum ray Depth, zBox =  4500.
 Maximum ray range, rBox =  101.
 No beam shift in effect


 *** WARNING ***
 Generated by program or subroutine: BELLHOP
 Too few beams

 NBeams should be at least =  77
 Tracing beam  1 -15.
 Minimum width beams                     
 HWIDTH  =  95.89521
 EpsOpt  =  (0.,1444487.3)
 EpsMult =  1.
 Tracing beam  2 -13.965517
 Tracing beam  3 -12.931033
 Tracing beam  4 -11.896552
 Tracing beam  5 -10.862068
 Tracing beam  6 -9.827586
 Tracing beam  7 -8.793104
 Tracing beam  8 -7.7586207
 Tracing beam  9 -6.724138
 Tracing beam  10 -5.689655
 Tracing beam  11 -4.6551723
 Tracing beam  12 -3.62069
 Tracing beam  13 -2.5862074
 Tracing beam  14 -1.5517246
 Tracing beam  15 -0.51724195
 Tracing beam  16 0.51724076
 Tracing beam  17 1.5517234
 Tracing beam  18 2.586206
 Tracing beam  19 3.6206887
 Tracing beam  20 4.6551714
 Tracing beam  21 5.6896544
 Tracing beam  22 6.724137
 Tracing beam  23 7.7586193
 Tracing beam  24 8.793101
 Tracing beam  25 9.827585
 Tracing beam  26 10.862067
 Tracing beam  27 11.896551
 Tracing beam  28 12.931032
 Tracing beam  29 13.965516
 Tracing beam  30 14.999998

 CPU Time =        .141    
